<?xml version="1.0" encoding="UTF-8"?>
<!-- Generated by org.testng.reporters.JUnitReportReporter -->
<testsuite hostname="DESKTOP-S90IECV" failures="0" tests="10" name="TestCases.TC_002Validate_HomeLoanCalculatorSection" time="15.100" errors="0" timestamp="2024-05-10T20:35:25 IST" skipped="0">
  <testcase classname="TestCases.TC_002Validate_HomeLoanCalculatorSection" name="validate_click_calculators" time="1.077"/>
  <testcase classname="TestCases.TC_002Validate_HomeLoanCalculatorSection" name="validate_click_HomeLoanEmiCalculator" time="3.077"/>
  <testcase classname="TestCases.TC_002Validate_HomeLoanCalculatorSection" name="validate_HomeValue" time="2.992"/>
  <testcase classname="TestCases.TC_002Validate_HomeLoanCalculatorSection" name="validate_HomeDownPayment" time="0.137"/>
  <testcase classname="TestCases.TC_002Validate_HomeLoanCalculatorSection" name="validate_homeLoanInterest" time="0.162"/>
  <testcase classname="TestCases.TC_002Validate_HomeLoanCalculatorSection" name="validate_homeLoanTenure" time="0.196"/>
  <testcase classname="TestCases.TC_002Validate_HomeLoanCalculatorSection" name="Validate_LoanInsurance_AND_LoanFees" time="0.285"/>
  <testcase classname="TestCases.TC_002Validate_HomeLoanCalculatorSection" name="Validate_sendData_HomeOwnerExpenses" time="0.654"/>
  <testcase classname="TestCases.TC_002Validate_HomeLoanCalculatorSection" name="Validate_sendData_Date" time="0.406"/>
  <testcase classname="TestCases.TC_002Validate_HomeLoanCalculatorSection" name="validate_fetch_table" time="6.114"/>
</testsuite> <!-- TestCases.TC_002Validate_HomeLoanCalculatorSection -->
