<?xml version="1.0" encoding="UTF-8"?>
<!-- Generated by org.testng.reporters.JUnitReportReporter -->
<testsuite hostname="DESKTOP-S90IECV" failures="0" tests="4" name="TestCases.TC_001Validate_CarLoanSection" time="4.081" errors="0" timestamp="2024-05-10T20:35:25 IST" skipped="0">
  <testcase classname="TestCases.TC_001Validate_CarLoanSection" name="validate_ClickCarLoan" time="0.104"/>
  <testcase classname="TestCases.TC_001Validate_CarLoanSection" name="validate_allEntitySet" time="3.720"/>
  <testcase classname="TestCases.TC_001Validate_CarLoanSection" name="Validate_ExtractionOfemiAmount" time="0.237"/>
  <testcase classname="TestCases.TC_001Validate_CarLoanSection" name="Validate_ExcelEmiData" time="0.020"/>
</testsuite> <!-- TestCases.TC_001Validate_CarLoanSection -->
