<?xml version="1.0" encoding="UTF-8"?>
<!-- Generated by org.testng.reporters.JUnitReportReporter -->
<testsuite hostname="DESKTOP-S90IECV" failures="0" tests="5" name="TestCases.TC_004Validate_LoanTenureCalculator" time="7.108" errors="0" timestamp="2024-05-10T21:13:13 IST" skipped="0">
  <testcase classname="TestCases.TC_004Validate_LoanTenureCalculator" name="Validate_click_Calculators" time="0.065"/>
  <testcase classname="TestCases.TC_004Validate_LoanTenureCalculator" name="Validate_click_loanCalculatorClick" time="1.047"/>
  <testcase classname="TestCases.TC_004Validate_LoanTenureCalculator" name="loanTenureCalculatorClick" time="3.930"/>
  <testcase classname="TestCases.TC_004Validate_LoanTenureCalculator" name="boxValidationCheck" time="0.190"/>
  <testcase classname="TestCases.TC_004Validate_LoanTenureCalculator" name="sliderValidationCheck" time="1.876"/>
</testsuite> <!-- TestCases.TC_004Validate_LoanTenureCalculator -->
