<?xml version="1.0" encoding="UTF-8"?>
<!-- Generated by org.testng.reporters.JUnitReportReporter -->
<testsuite hostname="DESKTOP-S90IECV" failures="0" tests="10" name="TestCases.TC_002Validate_HomeLoanCalculatorSection" time="14.439" errors="0" timestamp="2024-05-10T21:13:13 IST" skipped="0">
  <testcase classname="TestCases.TC_002Validate_HomeLoanCalculatorSection" name="validate_click_calculators" time="1.078"/>
  <testcase classname="TestCases.TC_002Validate_HomeLoanCalculatorSection" name="validate_click_HomeLoanEmiCalculator" time="3.074"/>
  <testcase classname="TestCases.TC_002Validate_HomeLoanCalculatorSection" name="validate_HomeValue" time="2.406"/>
  <testcase classname="TestCases.TC_002Validate_HomeLoanCalculatorSection" name="validate_HomeDownPayment" time="0.132"/>
  <testcase classname="TestCases.TC_002Validate_HomeLoanCalculatorSection" name="validate_homeLoanInterest" time="0.196"/>
  <testcase classname="TestCases.TC_002Validate_HomeLoanCalculatorSection" name="validate_homeLoanTenure" time="0.172"/>
  <testcase classname="TestCases.TC_002Validate_HomeLoanCalculatorSection" name="Validate_LoanInsurance_AND_LoanFees" time="0.280"/>
  <testcase classname="TestCases.TC_002Validate_HomeLoanCalculatorSection" name="Validate_sendData_HomeOwnerExpenses" time="0.603"/>
  <testcase classname="TestCases.TC_002Validate_HomeLoanCalculatorSection" name="Validate_sendData_Date" time="0.408"/>
  <testcase classname="TestCases.TC_002Validate_HomeLoanCalculatorSection" name="validate_fetch_table" time="6.090"/>
</testsuite> <!-- TestCases.TC_002Validate_HomeLoanCalculatorSection -->
