<?xml version="1.0" encoding="UTF-8"?>
<!-- Generated by org.testng.reporters.JUnitReportReporter -->
<testsuite hostname="DESKTOP-S90IECV" failures="0" tests="4" name="TestCases.TC_001Validate_CarLoanSection" time="4.135" errors="0" timestamp="2024-05-10T21:13:13 IST" skipped="0">
  <testcase classname="TestCases.TC_001Validate_CarLoanSection" name="validate_ClickCarLoan" time="0.100"/>
  <testcase classname="TestCases.TC_001Validate_CarLoanSection" name="validate_allEntitySet" time="3.721"/>
  <testcase classname="TestCases.TC_001Validate_CarLoanSection" name="Validate_ExtractionOfemiAmount" time="0.299"/>
  <testcase classname="TestCases.TC_001Validate_CarLoanSection" name="Validate_ExcelEmiData" time="0.015"/>
</testsuite> <!-- TestCases.TC_001Validate_CarLoanSection -->
